#
# There is insufficient memory for the Java Runtime Environment to continue.
# Native memory allocation (mmap) failed to map 27262976 bytes for Failed to commit area from 0x0000000088000000 to 0x0000000089a00000 of length 27262976.
# Possible reasons:
#   The system is out of physical RAM or swap space
#   The process is running with CompressedOops enabled, and the Java Heap may be blocking the growth of the native heap
# Possible solutions:
#   Reduce memory load on the system
#   Increase physical memory or swap space
#   Check if swap backing store is full
#   Decrease Java heap size (-Xmx/-Xms)
#   Decrease number of Java threads
#   Decrease Java thread stack sizes (-Xss)
#   Set larger code cache with -XX:ReservedCodeCacheSize=
#   JVM is running with Unscaled Compressed Oops mode in which the Java heap is
#     placed in the first 4GB address space. The Java Heap base address is the
#     maximum limit for the native heap growth. Please use -XX:HeapBaseMinAddress
#     to set the Java Heap base and to place the Java Heap above 4GB virtual address.
# This output file may be truncated or incomplete.
#
#  Out of Memory Error (src/hotspot/os/windows/os_windows.cpp:3627), pid=17212, tid=2916
#
# JRE version: OpenJDK Runtime Environment (11.0.15) (build 11.0.15+0-b2043.56-8887301)
# Java VM: OpenJDK 64-Bit Server VM (11.0.15+0-b2043.56-8887301, mixed mode, tiered, compressed oops, g1 gc, windows-amd64)
# No core dump will be written. Minidumps are not enabled by default on client versions of Windows
#

---------------  S U M M A R Y ------------

Command Line: --add-opens=java.base/java.util=ALL-UNNAMED --add-opens=java.base/java.lang=ALL-UNNAMED --add-opens=java.base/java.lang.invoke=ALL-UNNAMED --add-opens=java.base/java.util=ALL-UNNAMED --add-opens=java.prefs/java.util.prefs=ALL-UNNAMED --add-opens=java.prefs/java.util.prefs=ALL-UNNAMED --add-opens=java.base/java.nio.charset=ALL-UNNAMED --add-opens=java.base/java.net=ALL-UNNAMED --add-opens=java.base/java.util.concurrent.atomic=ALL-UNNAMED -Xmx2048m -Dfile.encoding=UTF-8 -Duser.country=FR -Duser.language=fr -Duser.variant org.gradle.launcher.daemon.bootstrap.GradleDaemon 7.5.1

Host: Intel(R) Core(TM) i5-7300HQ CPU @ 2.50GHz, 4 cores, 7G,  Windows 11 , 64 bit Build 22621 (10.0.22621.457)
Time: Thu Sep 22 02:07:30 2022 Afr. centrale Ouest elapsed time: 38.769763 seconds (0d 0h 0m 38s)

---------------  T H R E A D  ---------------

Current thread (0x000002785cde0800):  VMThread "VM Thread" [stack: 0x000000c6a0600000,0x000000c6a0700000] [id=2916]

Stack: [0x000000c6a0600000,0x000000c6a0700000]
[error occurred during error reporting (printing stack bounds), id 0xc0000005, EXCEPTION_ACCESS_VIOLATION (0xc0000005) at pc=0x000002784657112d]

Native frames: (J=compiled Java code, j=interpreted, Vv=VM code, C=native code)
V  [jvm.dll+0x64135a]
V  [jvm.dll+0x7d39f9]
V  [jvm.dll+0x7d51b9]
V  [jvm.dll+0x7d5805]
V  [jvm.dll+0x7d57bb]
V  [jvm.dll+0x640655]
V  [jvm.dll+0x640d68]
C  [ntdll.dll+0xa3e1f]
C  [ntdll.dll+0x1eae6]
C  [ntdll.dll+0xa2e0e]
C  0x000002784657112d

VM_Operation (0x000000c6a19f34e0): G1CollectForAllocation, mode: safepoint, requested by thread 0x000002785e845800


---------------  P R O C E S S  ---------------

Threads class SMR info:
_java_thread_list=0x000002786067da50, length=78, elements={
0x000002784126f800, 0x000002785cde3800, 0x000002785cde6000, 0x000002785d7a2800,
0x000002785ce01800, 0x000002785ce03000, 0x000002785ce06800, 0x000002785ce0c000,
0x000002785ce11000, 0x000002785d8f3800, 0x000002785e8f5000, 0x000002785da78800,
0x000002785dc50000, 0x000002785f190800, 0x000002785eea8800, 0x000002785eee2000,
0x000002785e845800, 0x000002785e846000, 0x000002785ea8f000, 0x000002785ea90000,
0x000002785ea95800, 0x000002785ea94800, 0x000002785ea96000, 0x000002785ea97000,
0x000002785ea91000, 0x000002785ea98000, 0x000002785ea92000, 0x000002785ea93000,
0x000002785ea93800, 0x000002785e636800, 0x000002785e635800, 0x000002785e637800,
0x000002785e632800, 0x000002785e639000, 0x000002785e638000, 0x000002785e639800,
0x000002785e634000, 0x000002785e63a800, 0x000002785e635000, 0x000002785e63d000,
0x000002785e63e800, 0x000002785e63e000, 0x000002785e63f800, 0x000002785e63c000,
0x000002785e640800, 0x000002785e63b800, 0x000002785e641000, 0x0000027860216800,
0x0000027860216000, 0x0000027860211000, 0x0000027860217800, 0x0000027860212000,
0x0000027860218800, 0x0000027860212800, 0x0000027860219000, 0x0000027860214800,
0x0000027860215000, 0x0000027860213800, 0x000002786021a000, 0x000002786021b000,
0x000002786021b800, 0x000002786021f800, 0x000002786021e000, 0x000002786021d800,
0x000002786021c800, 0x000002786021f000, 0x0000027860696800, 0x0000027860695000,
0x0000027860699000, 0x0000027860693000, 0x000002786069a000, 0x0000027860697800,
0x0000027860694000, 0x0000027860695800, 0x0000027860698000, 0x000002786069d000,
0x000002786069c000, 0x000002786069b800
}

Java Threads: ( => current thread )
  0x000002784126f800 JavaThread "main" [_thread_blocked, id=18436, stack(0x000000c6a0000000,0x000000c6a0100000)]
  0x000002785cde3800 JavaThread "Reference Handler" daemon [_thread_blocked, id=23052, stack(0x000000c6a0700000,0x000000c6a0800000)]
  0x000002785cde6000 JavaThread "Finalizer" daemon [_thread_blocked, id=15860, stack(0x000000c6a0800000,0x000000c6a0900000)]
  0x000002785d7a2800 JavaThread "Signal Dispatcher" daemon [_thread_blocked, id=24264, stack(0x000000c6a0900000,0x000000c6a0a00000)]
  0x000002785ce01800 JavaThread "Attach Listener" daemon [_thread_blocked, id=15488, stack(0x000000c6a0a00000,0x000000c6a0b00000)]
  0x000002785ce03000 JavaThread "Service Thread" daemon [_thread_blocked, id=22084, stack(0x000000c6a0b00000,0x000000c6a0c00000)]
  0x000002785ce06800 JavaThread "C2 CompilerThread0" daemon [_thread_blocked, id=23784, stack(0x000000c6a0c00000,0x000000c6a0d00000)]
  0x000002785ce0c000 JavaThread "C1 CompilerThread0" daemon [_thread_blocked, id=17308, stack(0x000000c6a0d00000,0x000000c6a0e00000)]
  0x000002785ce11000 JavaThread "Sweeper thread" daemon [_thread_blocked, id=17932, stack(0x000000c6a0e00000,0x000000c6a0f00000)]
  0x000002785d8f3800 JavaThread "Common-Cleaner" daemon [_thread_blocked, id=20924, stack(0x000000c6a0f00000,0x000000c6a1000000)]
  0x000002785e8f5000 JavaThread "Daemon health stats" [_thread_blocked, id=23400, stack(0x000000c6a1300000,0x000000c6a1400000)]
  0x000002785da78800 JavaThread "Incoming local TCP Connector on port 8736" [_thread_in_native, id=14028, stack(0x000000c6a1400000,0x000000c6a1500000)]
  0x000002785dc50000 JavaThread "Daemon periodic checks" [_thread_blocked, id=20508, stack(0x000000c6a1500000,0x000000c6a1600000)]
  0x000002785f190800 JavaThread "Daemon" [_thread_blocked, id=21168, stack(0x000000c6a1600000,0x000000c6a1700000)]
  0x000002785eea8800 JavaThread "Handler for socket connection from /127.0.0.1:8736 to /127.0.0.1:8737" [_thread_in_native, id=22208, stack(0x000000c6a1700000,0x000000c6a1800000)]
  0x000002785eee2000 JavaThread "Cancel handler" [_thread_blocked, id=6520, stack(0x000000c6a1800000,0x000000c6a1900000)]
  0x000002785e845800 JavaThread "Daemon worker" [_thread_blocked, id=24540, stack(0x000000c6a1900000,0x000000c6a1a00000)]
  0x000002785e846000 JavaThread "Asynchronous log dispatcher for DefaultDaemonConnection: socket connection from /127.0.0.1:8736 to /127.0.0.1:8737" [_thread_blocked, id=19780, stack(0x000000c6a1a00000,0x000000c6a1b00000)]
  0x000002785ea8f000 JavaThread "Stdin handler" [_thread_blocked, id=23728, stack(0x000000c6a1b00000,0x000000c6a1c00000)]
  0x000002785ea90000 JavaThread "Daemon client event forwarder" [_thread_blocked, id=21940, stack(0x000000c6a1c00000,0x000000c6a1d00000)]
  0x000002785ea95800 JavaThread "Cache worker for journal cache (C:\Users\Sardes\.gradle\caches\journal-1)" [_thread_blocked, id=24472, stack(0x000000c6a1e00000,0x000000c6a1f00000)]
  0x000002785ea94800 JavaThread "File lock request listener" [_thread_in_native, id=292, stack(0x000000c6a1f00000,0x000000c6a2000000)]
  0x000002785ea96000 JavaThread "Cache worker for file hash cache (C:\Users\Sardes\.gradle\caches\7.5.1\fileHashes)" [_thread_blocked, id=23632, stack(0x000000c6a2000000,0x000000c6a2100000)]
  0x000002785ea97000 JavaThread "File watcher server" daemon [_thread_in_native, id=10004, stack(0x000000c6a2100000,0x000000c6a2200000)]
  0x000002785ea91000 JavaThread "File watcher consumer" daemon [_thread_blocked, id=22360, stack(0x000000c6a2200000,0x000000c6a2300000)]
  0x000002785ea98000 JavaThread "jar transforms" [_thread_blocked, id=21388, stack(0x000000c6a2300000,0x000000c6a2400000)]
  0x000002785ea92000 JavaThread "jar transforms Thread 2" [_thread_blocked, id=20672, stack(0x000000c6a2400000,0x000000c6a2500000)]
  0x000002785ea93000 JavaThread "jar transforms Thread 3" [_thread_blocked, id=11924, stack(0x000000c6a2500000,0x000000c6a2600000)]
  0x000002785ea93800 JavaThread "jar transforms Thread 4" [_thread_blocked, id=10180, stack(0x000000c6a2600000,0x000000c6a2700000)]
  0x000002785e636800 JavaThread "Cache worker for checksums cache (C:\Users\Sardes\AndroidStudioProjects\TheGabworkProject\.gradle\7.5.1\checksums)" [_thread_blocked, id=12980, stack(0x000000c6a2700000,0x000000c6a2800000)]
  0x000002785e635800 JavaThread "Cache worker for cache directory md-rule (C:\Users\Sardes\.gradle\caches\7.5.1\md-rule)" [_thread_blocked, id=20084, stack(0x000000c6a2800000,0x000000c6a2900000)]
  0x000002785e637800 JavaThread "Cache worker for file content cache (C:\Users\Sardes\.gradle\caches\7.5.1\fileContent)" [_thread_blocked, id=11576, stack(0x000000c6a2900000,0x000000c6a2a00000)]
  0x000002785e632800 JavaThread "Cache worker for file hash cache (C:\Users\Sardes\AndroidStudioProjects\TheGabworkProject\.gradle\7.5.1\fileHashes)" [_thread_blocked, id=5992, stack(0x000000c6a2a00000,0x000000c6a2b00000)]
  0x000002785e639000 JavaThread "Cache worker for cache directory md-supplier (C:\Users\Sardes\.gradle\caches\7.5.1\md-supplier)" [_thread_blocked, id=17384, stack(0x000000c6a2b00000,0x000000c6a2c00000)]
  0x000002785e638000 JavaThread "Cache worker for execution history cache (C:\Users\Sardes\.gradle\caches\7.5.1\executionHistory)" [_thread_blocked, id=2700, stack(0x000000c6a2c00000,0x000000c6a2d00000)]
  0x000002785e639800 JavaThread "Cache worker for dependencies-accessors (C:\Users\Sardes\AndroidStudioProjects\TheGabworkProject\.gradle\7.5.1\dependencies-accessors)" [_thread_blocked, id=23880, stack(0x000000c6a2d00000,0x000000c6a2e00000)]
  0x000002785e634000 JavaThread "Cache worker for Build Output Cleanup Cache (C:\Users\Sardes\AndroidStudioProjects\TheGabworkProject\.gradle\buildOutputCleanup)" [_thread_blocked, id=17344, stack(0x000000c69fe00000,0x000000c69ff00000)]
  0x000002785e63a800 JavaThread "Unconstrained build operations" [_thread_blocked, id=3868, stack(0x000000c6a2e00000,0x000000c6a2f00000)]
  0x000002785e635000 JavaThread "Unconstrained build operations Thread 2" [_thread_blocked, id=9628, stack(0x000000c6a2f00000,0x000000c6a3000000)]
  0x000002785e63d000 JavaThread "Unconstrained build operations Thread 3" [_thread_blocked, id=20072, stack(0x000000c6a3000000,0x000000c6a3100000)]
  0x000002785e63e800 JavaThread "Unconstrained build operations Thread 4" [_thread_blocked, id=9496, stack(0x000000c6a3100000,0x000000c6a3200000)]
  0x000002785e63e000 JavaThread "Unconstrained build operations Thread 5" [_thread_blocked, id=5644, stack(0x000000c6a3200000,0x000000c6a3300000)]
  0x000002785e63f800 JavaThread "Unconstrained build operations Thread 6" [_thread_blocked, id=7056, stack(0x000000c6a3300000,0x000000c6a3400000)]
  0x000002785e63c000 JavaThread "Unconstrained build operations Thread 7" [_thread_blocked, id=18220, stack(0x000000c6a3400000,0x000000c6a3500000)]
  0x000002785e640800 JavaThread "Unconstrained build operations Thread 8" [_thread_blocked, id=17700, stack(0x000000c6a3500000,0x000000c6a3600000)]
  0x000002785e63b800 JavaThread "Unconstrained build operations Thread 9" [_thread_blocked, id=10992, stack(0x000000c6a3600000,0x000000c6a3700000)]
  0x000002785e641000 JavaThread "Unconstrained build operations Thread 10" [_thread_blocked, id=23120, stack(0x000000c6a3700000,0x000000c6a3800000)]
  0x0000027860216800 JavaThread "Unconstrained build operations Thread 11" [_thread_blocked, id=19484, stack(0x000000c6a3800000,0x000000c6a3900000)]
  0x0000027860216000 JavaThread "Unconstrained build operations Thread 12" [_thread_blocked, id=7628, stack(0x000000c6a3900000,0x000000c6a3a00000)]
  0x0000027860211000 JavaThread "Unconstrained build operations Thread 13" [_thread_blocked, id=21112, stack(0x000000c6a3a00000,0x000000c6a3b00000)]
  0x0000027860217800 JavaThread "Unconstrained build operations Thread 14" [_thread_blocked, id=16984, stack(0x000000c6a3b00000,0x000000c6a3c00000)]
  0x0000027860212000 JavaThread "Unconstrained build operations Thread 15" [_thread_blocked, id=3972, stack(0x000000c6a3c00000,0x000000c6a3d00000)]
  0x0000027860218800 JavaThread "Unconstrained build operations Thread 16" [_thread_blocked, id=19112, stack(0x000000c6a3d00000,0x000000c6a3e00000)]
  0x0000027860212800 JavaThread "Unconstrained build operations Thread 17" [_thread_blocked, id=22776, stack(0x000000c6a3e00000,0x000000c6a3f00000)]
  0x0000027860219000 JavaThread "Unconstrained build operations Thread 18" [_thread_blocked, id=7792, stack(0x000000c6a3f00000,0x000000c6a4000000)]
  0x0000027860214800 JavaThread "Unconstrained build operations Thread 19" [_thread_blocked, id=4528, stack(0x000000c6a4000000,0x000000c6a4100000)]
  0x0000027860215000 JavaThread "Unconstrained build operations Thread 20" [_thread_blocked, id=9908, stack(0x000000c6a4100000,0x000000c6a4200000)]
  0x0000027860213800 JavaThread "Unconstrained build operations Thread 21" [_thread_blocked, id=1428, stack(0x000000c6a4200000,0x000000c6a4300000)]
  0x000002786021a000 JavaThread "Unconstrained build operations Thread 22" [_thread_blocked, id=15420, stack(0x000000c6a4300000,0x000000c6a4400000)]
  0x000002786021b000 JavaThread "Unconstrained build operations Thread 23" [_thread_blocked, id=17600, stack(0x000000c6a4400000,0x000000c6a4500000)]
  0x000002786021b800 JavaThread "Unconstrained build operations Thread 24" [_thread_blocked, id=15076, stack(0x000000c6a4500000,0x000000c6a4600000)]
  0x000002786021f800 JavaThread "Unconstrained build operations Thread 25" [_thread_blocked, id=22744, stack(0x000000c6a4600000,0x000000c6a4700000)]
  0x000002786021e000 JavaThread "Unconstrained build operations Thread 26" [_thread_blocked, id=3552, stack(0x000000c6a4700000,0x000000c6a4800000)]
  0x000002786021d800 JavaThread "Unconstrained build operations Thread 27" [_thread_blocked, id=23916, stack(0x000000c6a4800000,0x000000c6a4900000)]
  0x000002786021c800 JavaThread "Unconstrained build operations Thread 28" [_thread_blocked, id=21288, stack(0x000000c6a4900000,0x000000c6a4a00000)]
  0x000002786021f000 JavaThread "Unconstrained build operations Thread 29" [_thread_blocked, id=24448, stack(0x000000c6a4a00000,0x000000c6a4b00000)]
  0x0000027860696800 JavaThread "Unconstrained build operations Thread 30" [_thread_blocked, id=15768, stack(0x000000c6a4b00000,0x000000c6a4c00000)]
  0x0000027860695000 JavaThread "Unconstrained build operations Thread 31" [_thread_blocked, id=9336, stack(0x000000c6a4c00000,0x000000c6a4d00000)]
  0x0000027860699000 JavaThread "Unconstrained build operations Thread 32" [_thread_blocked, id=15116, stack(0x000000c6a4d00000,0x000000c6a4e00000)]
  0x0000027860693000 JavaThread "Unconstrained build operations Thread 33" [_thread_blocked, id=9980, stack(0x000000c6a4e00000,0x000000c6a4f00000)]
  0x000002786069a000 JavaThread "Unconstrained build operations Thread 34" [_thread_blocked, id=18424, stack(0x000000c6a4f00000,0x000000c6a5000000)]
  0x0000027860697800 JavaThread "Unconstrained build operations Thread 35" [_thread_blocked, id=22536, stack(0x000000c6a5000000,0x000000c6a5100000)]
  0x0000027860694000 JavaThread "Unconstrained build operations Thread 36" [_thread_blocked, id=15044, stack(0x000000c6a5100000,0x000000c6a5200000)]
  0x0000027860695800 JavaThread "Unconstrained build operations Thread 37" [_thread_blocked, id=21692, stack(0x000000c6a5200000,0x000000c6a5300000)]
  0x0000027860698000 JavaThread "Unconstrained build operations Thread 38" [_thread_blocked, id=17220, stack(0x000000c6a5300000,0x000000c6a5400000)]
  0x000002786069d000 JavaThread "Unconstrained build operations Thread 39" [_thread_blocked, id=13904, stack(0x000000c6a5400000,0x000000c6a5500000)]
  0x000002786069c000 JavaThread "Unconstrained build operations Thread 40" [_thread_blocked, id=20000, stack(0x000000c6a5500000,0x000000c6a5600000)]
  0x000002786069b800 JavaThread "Memory manager" [_thread_blocked, id=18464, stack(0x000000c6a5800000,0x000000c6a5900000)]

Other Threads:
=>0x000002785cde0800 VMThread "VM Thread" [stack: 0x000000c6a0600000,0x000000c6a0700000] [id=2916]
  0x000002785d91d000 WatcherThread [stack: 0x000000c6a1000000,0x000000c6a1100000] [id=14860]
  0x0000027841287800 GCTaskThread "GC Thread#0" [stack: 0x000000c6a0100000,0x000000c6a0200000] [id=18032]
  0x000002785dd5e000 GCTaskThread "GC Thread#1" [stack: 0x000000c6a1100000,0x000000c6a1200000] [id=23612]
  0x000002785db55000 GCTaskThread "GC Thread#2" [stack: 0x000000c6a1200000,0x000000c6a1300000] [id=16068]
  0x000002785f1d8000 GCTaskThread "GC Thread#3" [stack: 0x000000c6a1d00000,0x000000c6a1e00000] [id=6080]
  0x00000278412b9000 ConcurrentGCThread "G1 Main Marker" [stack: 0x000000c6a0200000,0x000000c6a0300000] [id=2392]
  0x00000278412bb000 ConcurrentGCThread "G1 Conc#0" [stack: 0x000000c6a0300000,0x000000c6a0400000] [id=6860]
  0x000002785cc30800 ConcurrentGCThread "G1 Refine#0" [stack: 0x000000c6a0400000,0x000000c6a0500000] [id=23016]
  0x000002785cc31800 ConcurrentGCThread "G1 Young RemSet Sampling" [stack: 0x000000c6a0500000,0x000000c6a0600000] [id=20880]

Threads with active compile tasks:
C2 CompilerThread0    38913 6784       4       org.objectweb.asm.MethodWriter::computeAllFrames (510 bytes)

VM state:at safepoint (normal execution)

VM Mutex/Monitor currently owned by a thread:  ([mutex/lock_event])
[0x000002784126a780] Threads_lock - owner thread: 0x000002785cde0800
[0x000002784126ae40] Heap_lock - owner thread: 0x000002785e845800

Heap address: 0x0000000080000000, size: 2048 MB, Compressed Oops mode: 32-bit
Narrow klass base: 0x0000000000000000, Narrow klass shift: 3
Compressed class space size: 1073741824 Address: 0x0000000100000000

Heap:
 garbage-first heap   total 157696K, used 113259K [0x0000000080000000, 0x0000000100000000)
  region size 1024K, 1 young (1024K), 1 survivors (1024K)
 Metaspace       used 63322K, capacity 65258K, committed 65488K, reserved 1105920K
  class space    used 8067K, capacity 8777K, committed 8832K, reserved 1048576K
Heap Regions: E=young(eden), S=young(survivor), O=old, HS=humongous(starts), HC=humongous(continues), CS=collection set, F=free, A=archive, TAMS=top-at-mark-start (previous, next)
|   0|0x0000000080000000, 0x0000000080100000, 0x0000000080100000|100%|HS|  |TAMS 0x0000000080100000, 0x0000000080000000| Complete 
|   1|0x0000000080100000, 0x0000000080200000, 0x0000000080200000|100%|HC|  |TAMS 0x0000000080200000, 0x0000000080100000| Complete 
|   2|0x0000000080200000, 0x0000000080300000, 0x0000000080300000|100%|HC|  |TAMS 0x0000000080300000, 0x0000000080200000| Complete 
|   3|0x0000000080300000, 0x0000000080400000, 0x0000000080400000|100%| O|  |TAMS 0x0000000080400000, 0x0000000080300000| Untracked 
|   4|0x0000000080400000, 0x0000000080500000, 0x0000000080500000|100%| O|  |TAMS 0x0000000080500000, 0x0000000080400000| Untracked 
|   5|0x0000000080500000, 0x0000000080600000, 0x0000000080600000|100%| O|  |TAMS 0x0000000080600000, 0x0000000080500000| Untracked 
|   6|0x0000000080600000, 0x0000000080700000, 0x0000000080700000|100%| O|  |TAMS 0x0000000080700000, 0x0000000080600000| Untracked 
|   7|0x0000000080700000, 0x0000000080800000, 0x0000000080800000|100%| O|  |TAMS 0x0000000080800000, 0x0000000080700000| Untracked 
|   8|0x0000000080800000, 0x0000000080900000, 0x0000000080900000|100%| O|  |TAMS 0x0000000080900000, 0x0000000080800000| Untracked 
|   9|0x0000000080900000, 0x0000000080a00000, 0x0000000080a00000|100%| O|  |TAMS 0x0000000080a00000, 0x0000000080900000| Untracked 
|  10|0x0000000080a00000, 0x0000000080b00000, 0x0000000080b00000|100%| O|  |TAMS 0x0000000080b00000, 0x0000000080a00000| Untracked 
|  11|0x0000000080b00000, 0x0000000080c00000, 0x0000000080c00000|100%| O|  |TAMS 0x0000000080c00000, 0x0000000080b00000| Untracked 
|  12|0x0000000080c00000, 0x0000000080d00000, 0x0000000080d00000|100%| O|  |TAMS 0x0000000080d00000, 0x0000000080c00000| Untracked 
|  13|0x0000000080d00000, 0x0000000080e00000, 0x0000000080e00000|100%| O|  |TAMS 0x0000000080e00000, 0x0000000080d00000| Untracked 
|  14|0x0000000080e00000, 0x0000000080f00000, 0x0000000080f00000|100%| O|  |TAMS 0x0000000080f00000, 0x0000000080e00000| Untracked 
|  15|0x0000000080f00000, 0x0000000081000000, 0x0000000081000000|100%| O|  |TAMS 0x0000000081000000, 0x0000000080f00000| Untracked 
|  16|0x0000000081000000, 0x0000000081100000, 0x0000000081100000|100%| O|  |TAMS 0x0000000081100000, 0x0000000081000000| Untracked 
|  17|0x0000000081100000, 0x0000000081200000, 0x0000000081200000|100%|HS|  |TAMS 0x0000000081200000, 0x0000000081100000| Complete 
|  18|0x0000000081200000, 0x0000000081300000, 0x0000000081300000|100%|HC|  |TAMS 0x0000000081300000, 0x0000000081200000| Complete 
|  19|0x0000000081300000, 0x0000000081400000, 0x0000000081400000|100%|HS|  |TAMS 0x0000000081400000, 0x0000000081300000| Complete 
|  20|0x0000000081400000, 0x0000000081500000, 0x0000000081500000|100%|HC|  |TAMS 0x0000000081500000, 0x0000000081400000| Complete 
|  21|0x0000000081500000, 0x0000000081600000, 0x0000000081600000|100%|HC|  |TAMS 0x0000000081600000, 0x0000000081500000| Complete 
|  22|0x0000000081600000, 0x0000000081700000, 0x0000000081700000|100%|HS|  |TAMS 0x0000000081700000, 0x0000000081600000| Complete 
|  23|0x0000000081700000, 0x0000000081800000, 0x0000000081800000|100%|HC|  |TAMS 0x0000000081800000, 0x0000000081700000| Complete 
|  24|0x0000000081800000, 0x0000000081900000, 0x0000000081900000|100%|HC|  |TAMS 0x0000000081900000, 0x0000000081800000| Complete 
|  25|0x0000000081900000, 0x0000000081a00000, 0x0000000081a00000|100%|HS|  |TAMS 0x0000000081a00000, 0x0000000081900000| Complete 
|  26|0x0000000081a00000, 0x0000000081b00000, 0x0000000081b00000|100%|HC|  |TAMS 0x0000000081b00000, 0x0000000081a00000| Complete 
|  27|0x0000000081b00000, 0x0000000081c00000, 0x0000000081c00000|100%|HS|  |TAMS 0x0000000081c00000, 0x0000000081b00000| Complete 
|  28|0x0000000081c00000, 0x0000000081d00000, 0x0000000081d00000|100%|HC|  |TAMS 0x0000000081d00000, 0x0000000081c00000| Complete 
|  29|0x0000000081d00000, 0x0000000081e00000, 0x0000000081e00000|100%|HC|  |TAMS 0x0000000081e00000, 0x0000000081d00000| Complete 
|  30|0x0000000081e00000, 0x0000000081f00000, 0x0000000081f00000|100%|HC|  |TAMS 0x0000000081f00000, 0x0000000081e00000| Complete 
|  31|0x0000000081f00000, 0x0000000082000000, 0x0000000082000000|100%|HC|  |TAMS 0x0000000082000000, 0x0000000081f00000| Complete 
|  32|0x0000000082000000, 0x0000000082100000, 0x0000000082100000|100%| O|  |TAMS 0x0000000082100000, 0x0000000082000000| Untracked 
|  33|0x0000000082100000, 0x0000000082200000, 0x0000000082200000|100%| O|  |TAMS 0x0000000082200000, 0x0000000082100000| Untracked 
|  34|0x0000000082200000, 0x0000000082300000, 0x0000000082300000|100%| O|  |TAMS 0x0000000082300000, 0x0000000082200000| Untracked 
|  35|0x0000000082300000, 0x0000000082400000, 0x0000000082400000|100%| O|  |TAMS 0x0000000082400000, 0x0000000082300000| Untracked 
|  36|0x0000000082400000, 0x0000000082500000, 0x0000000082500000|100%| O|  |TAMS 0x0000000082500000, 0x0000000082400000| Untracked 
|  37|0x0000000082500000, 0x0000000082600000, 0x0000000082600000|100%| O|  |TAMS 0x0000000082600000, 0x0000000082500000| Untracked 
|  38|0x0000000082600000, 0x0000000082700000, 0x0000000082700000|100%| O|  |TAMS 0x0000000082700000, 0x0000000082600000| Untracked 
|  39|0x0000000082700000, 0x0000000082800000, 0x0000000082800000|100%|HS|  |TAMS 0x0000000082800000, 0x0000000082700000| Complete 
|  40|0x0000000082800000, 0x0000000082900000, 0x0000000082900000|100%|HC|  |TAMS 0x0000000082900000, 0x0000000082800000| Complete 
|  41|0x0000000082900000, 0x0000000082a00000, 0x0000000082a00000|100%|HC|  |TAMS 0x0000000082a00000, 0x0000000082900000| Complete 
|  42|0x0000000082a00000, 0x0000000082b00000, 0x0000000082b00000|100%| O|  |TAMS 0x0000000082b00000, 0x0000000082a00000| Untracked 
|  43|0x0000000082b00000, 0x0000000082c00000, 0x0000000082c00000|100%|HS|  |TAMS 0x0000000082c00000, 0x0000000082b00000| Complete 
|  44|0x0000000082c00000, 0x0000000082d00000, 0x0000000082d00000|100%|HC|  |TAMS 0x0000000082d00000, 0x0000000082c00000| Complete 
|  45|0x0000000082d00000, 0x0000000082e00000, 0x0000000082e00000|100%|HC|  |TAMS 0x0000000082e00000, 0x0000000082d00000| Complete 
|  46|0x0000000082e00000, 0x0000000082f00000, 0x0000000082f00000|100%|HC|  |TAMS 0x0000000082f00000, 0x0000000082e00000| Complete 
|  47|0x0000000082f00000, 0x0000000083000000, 0x0000000083000000|100%|HC|  |TAMS 0x0000000083000000, 0x0000000082f00000| Complete 
|  48|0x0000000083000000, 0x0000000083100000, 0x0000000083100000|100%|HC|  |TAMS 0x0000000083100000, 0x0000000083000000| Complete 
|  49|0x0000000083100000, 0x0000000083200000, 0x0000000083200000|100%|HC|  |TAMS 0x0000000083200000, 0x0000000083100000| Complete 
|  50|0x0000000083200000, 0x0000000083300000, 0x0000000083300000|100%|HC|  |TAMS 0x0000000083300000, 0x0000000083200000| Complete 
|  51|0x0000000083300000, 0x0000000083400000, 0x0000000083400000|100%|HC|  |TAMS 0x0000000083400000, 0x0000000083300000| Complete 
|  52|0x0000000083400000, 0x0000000083500000, 0x0000000083500000|100%|HC|  |TAMS 0x0000000083500000, 0x0000000083400000| Complete 
|  53|0x0000000083500000, 0x0000000083600000, 0x0000000083600000|100%|HS|  |TAMS 0x0000000083600000, 0x0000000083500000| Complete 
|  54|0x0000000083600000, 0x0000000083700000, 0x0000000083700000|100%|HC|  |TAMS 0x0000000083700000, 0x0000000083600000| Complete 
|  55|0x0000000083700000, 0x0000000083800000, 0x0000000083800000|100%|HS|  |TAMS 0x0000000083800000, 0x0000000083700000| Complete 
|  56|0x0000000083800000, 0x0000000083900000, 0x0000000083900000|100%|HC|  |TAMS 0x0000000083900000, 0x0000000083800000| Complete 
|  57|0x0000000083900000, 0x0000000083a00000, 0x0000000083a00000|100%|HC|  |TAMS 0x0000000083a00000, 0x0000000083900000| Complete 
|  58|0x0000000083a00000, 0x0000000083b00000, 0x0000000083b00000|100%| O|  |TAMS 0x0000000083b00000, 0x0000000083a00000| Untracked 
|  59|0x0000000083b00000, 0x0000000083c00000, 0x0000000083c00000|100%| O|  |TAMS 0x0000000083c00000, 0x0000000083b00000| Untracked 
|  60|0x0000000083c00000, 0x0000000083d00000, 0x0000000083d00000|100%| O|  |TAMS 0x0000000083d00000, 0x0000000083c00000| Untracked 
|  61|0x0000000083d00000, 0x0000000083e00000, 0x0000000083e00000|100%| O|  |TAMS 0x0000000083e00000, 0x0000000083d00000| Untracked 
|  62|0x0000000083e00000, 0x0000000083f00000, 0x0000000083f00000|100%| O|  |TAMS 0x0000000083f00000, 0x0000000083e00000| Untracked 
|  63|0x0000000083f00000, 0x0000000084000000, 0x0000000084000000|100%| O|  |TAMS 0x0000000084000000, 0x0000000083f00000| Untracked 
|  64|0x0000000084000000, 0x0000000084100000, 0x0000000084100000|100%| O|  |TAMS 0x0000000084100000, 0x0000000084000000| Untracked 
|  65|0x0000000084100000, 0x0000000084200000, 0x0000000084200000|100%| O|  |TAMS 0x0000000084200000, 0x0000000084100000| Untracked 
|  66|0x0000000084200000, 0x0000000084300000, 0x0000000084300000|100%| O|  |TAMS 0x0000000084300000, 0x0000000084200000| Untracked 
|  67|0x0000000084300000, 0x0000000084400000, 0x0000000084400000|100%| O|  |TAMS 0x0000000084400000, 0x0000000084300000| Untracked 
|  68|0x0000000084400000, 0x0000000084500000, 0x0000000084500000|100%|HS|  |TAMS 0x0000000084500000, 0x0000000084400000| Complete 
|  69|0x0000000084500000, 0x0000000084600000, 0x0000000084600000|100%|HC|  |TAMS 0x0000000084600000, 0x0000000084500000| Complete 
|  70|0x0000000084600000, 0x0000000084700000, 0x0000000084700000|100%| O|  |TAMS 0x0000000084700000, 0x0000000084600000| Untracked 
|  71|0x0000000084700000, 0x0000000084800000, 0x0000000084800000|100%| O|  |TAMS 0x0000000084800000, 0x0000000084700000| Untracked 
|  72|0x0000000084800000, 0x0000000084900000, 0x0000000084900000|100%| O|  |TAMS 0x0000000084900000, 0x0000000084800000| Untracked 
|  73|0x0000000084900000, 0x0000000084a00000, 0x0000000084a00000|100%| O|  |TAMS 0x0000000084a00000, 0x0000000084900000| Untracked 
|  74|0x0000000084a00000, 0x0000000084b00000, 0x0000000084b00000|100%|HS|  |TAMS 0x0000000084b00000, 0x0000000084a00000| Complete 
|  75|0x0000000084b00000, 0x0000000084c00000, 0x0000000084c00000|100%|HC|  |TAMS 0x0000000084c00000, 0x0000000084b00000| Complete 
|  76|0x0000000084c00000, 0x0000000084d00000, 0x0000000084d00000|100%|HC|  |TAMS 0x0000000084d00000, 0x0000000084c00000| Complete 
|  77|0x0000000084d00000, 0x0000000084e00000, 0x0000000084e00000|100%|HC|  |TAMS 0x0000000084e00000, 0x0000000084d00000| Complete 
|  78|0x0000000084e00000, 0x0000000084f00000, 0x0000000084f00000|100%|HC|  |TAMS 0x0000000084f00000, 0x0000000084e00000| Complete 
|  79|0x0000000084f00000, 0x0000000085000000, 0x0000000085000000|100%| O|  |TAMS 0x0000000085000000, 0x0000000084f00000| Untracked 
|  80|0x0000000085000000, 0x0000000085100000, 0x0000000085100000|100%| O|  |TAMS 0x0000000085100000, 0x0000000085000000| Untracked 
|  81|0x0000000085100000, 0x0000000085200000, 0x0000000085200000|100%| O|  |TAMS 0x0000000085200000, 0x0000000085100000| Untracked 
|  82|0x0000000085200000, 0x0000000085300000, 0x0000000085300000|100%| O|  |TAMS 0x0000000085300000, 0x0000000085200000| Untracked 
|  83|0x0000000085300000, 0x0000000085400000, 0x0000000085400000|100%| O|  |TAMS 0x0000000085400000, 0x0000000085300000| Untracked 
|  84|0x0000000085400000, 0x0000000085500000, 0x0000000085500000|100%| O|  |TAMS 0x0000000085500000, 0x0000000085400000| Untracked 
|  85|0x0000000085500000, 0x0000000085600000, 0x0000000085600000|100%|HS|  |TAMS 0x0000000085600000, 0x0000000085500000| Complete 
|  86|0x0000000085600000, 0x0000000085700000, 0x0000000085700000|100%|HS|  |TAMS 0x0000000085700000, 0x0000000085600000| Complete 
|  87|0x0000000085700000, 0x0000000085800000, 0x0000000085800000|100%| O|  |TAMS 0x0000000085800000, 0x0000000085700000| Untracked 
|  88|0x0000000085800000, 0x0000000085900000, 0x0000000085900000|100%| O|  |TAMS 0x0000000085900000, 0x0000000085800000| Untracked 
|  89|0x0000000085900000, 0x0000000085a00000, 0x0000000085a00000|100%|HS|  |TAMS 0x0000000085a00000, 0x0000000085900000| Complete 
|  90|0x0000000085a00000, 0x0000000085b00000, 0x0000000085b00000|100%| O|  |TAMS 0x0000000085b00000, 0x0000000085a00000| Untracked 
|  91|0x0000000085b00000, 0x0000000085c00000, 0x0000000085c00000|100%| O|  |TAMS 0x0000000085c00000, 0x0000000085b00000| Untracked 
|  92|0x0000000085c00000, 0x0000000085d00000, 0x0000000085d00000|100%| O|  |TAMS 0x0000000085d00000, 0x0000000085c00000| Untracked 
|  93|0x0000000085d00000, 0x0000000085e00000, 0x0000000085e00000|100%|HS|  |TAMS 0x0000000085e00000, 0x0000000085d00000| Complete 
|  94|0x0000000085e00000, 0x0000000085f00000, 0x0000000085f00000|100%|HC|  |TAMS 0x0000000085f00000, 0x0000000085e00000| Complete 
|  95|0x0000000085f00000, 0x0000000086000000, 0x0000000086000000|100%|HC|  |TAMS 0x0000000086000000, 0x0000000085f00000| Complete 
|  96|0x0000000086000000, 0x0000000086100000, 0x0000000086100000|100%| O|  |TAMS 0x0000000086100000, 0x0000000086000000| Untracked 
|  97|0x0000000086100000, 0x0000000086200000, 0x0000000086200000|100%| O|  |TAMS 0x0000000086200000, 0x0000000086100000| Untracked 
|  98|0x0000000086200000, 0x0000000086300000, 0x0000000086300000|100%| O|  |TAMS 0x0000000086300000, 0x0000000086200000| Untracked 
|  99|0x0000000086300000, 0x0000000086400000, 0x0000000086400000|100%| O|  |TAMS 0x0000000086400000, 0x0000000086300000| Untracked 
| 100|0x0000000086400000, 0x0000000086500000, 0x0000000086500000|100%| O|  |TAMS 0x0000000086500000, 0x0000000086400000| Untracked 
| 101|0x0000000086500000, 0x0000000086600000, 0x0000000086600000|100%| O|  |TAMS 0x0000000086600000, 0x0000000086500000| Untracked 
| 102|0x0000000086600000, 0x0000000086700000, 0x0000000086700000|100%| O|  |TAMS 0x0000000086700000, 0x0000000086600000| Untracked 
| 103|0x0000000086700000, 0x0000000086800000, 0x0000000086800000|100%|HS|  |TAMS 0x0000000086800000, 0x0000000086700000| Untracked 
| 104|0x0000000086800000, 0x0000000086900000, 0x0000000086900000|100%| O|  |TAMS 0x0000000086900000, 0x0000000086800000| Untracked 
| 105|0x0000000086900000, 0x0000000086a00000, 0x0000000086a00000|100%| O|  |TAMS 0x00000000869f5600, 0x0000000086900000| Untracked 
| 106|0x0000000086a00000, 0x0000000086b00000, 0x0000000086b00000|100%|HS|  |TAMS 0x0000000086b00000, 0x0000000086a00000| Complete 
| 107|0x0000000086b00000, 0x0000000086c00000, 0x0000000086c00000|100%|HS|  |TAMS 0x0000000086c00000, 0x0000000086b00000| Complete 
| 108|0x0000000086c00000, 0x0000000086d00000, 0x0000000086d00000|100%| O|  |TAMS 0x0000000086d00000, 0x0000000086c00000| Untracked 
| 109|0x0000000086d00000, 0x0000000086d00000, 0x0000000086e00000|  0%| F|  |TAMS 0x0000000086d00000, 0x0000000086d00000| Untracked 
| 110|0x0000000086e00000, 0x0000000086f00000, 0x0000000086f00000|100%|HS|  |TAMS 0x0000000086e00000, 0x0000000086e00000| Complete 
| 111|0x0000000086f00000, 0x0000000086f84000, 0x0000000087000000| 51%| O|  |TAMS 0x0000000086f00000, 0x0000000086f00000| Untracked 
| 112|0x0000000087000000, 0x0000000087000000, 0x0000000087100000|  0%| F|  |TAMS 0x0000000087000000, 0x0000000087000000| Untracked 
| 113|0x0000000087100000, 0x0000000087100000, 0x0000000087200000|  0%| F|  |TAMS 0x0000000087100000, 0x0000000087100000| Untracked 
| 114|0x0000000087200000, 0x0000000087200000, 0x0000000087300000|  0%| F|  |TAMS 0x0000000087200000, 0x0000000087200000| Untracked 
| 115|0x0000000087300000, 0x0000000087300000, 0x0000000087400000|  0%| F|  |TAMS 0x0000000087300000, 0x0000000087300000| Untracked 
| 116|0x0000000087400000, 0x0000000087400000, 0x0000000087500000|  0%| F|  |TAMS 0x0000000087400000, 0x0000000087400000| Untracked 
| 117|0x0000000087500000, 0x0000000087500000, 0x0000000087600000|  0%| F|  |TAMS 0x0000000087500000, 0x0000000087500000| Untracked 
| 118|0x0000000087600000, 0x0000000087600000, 0x0000000087700000|  0%| F|  |TAMS 0x0000000087600000, 0x0000000087600000| Untracked 
| 119|0x0000000087700000, 0x0000000087700000, 0x0000000087800000|  0%| F|  |TAMS 0x0000000087700000, 0x0000000087700000| Untracked 
| 120|0x0000000087800000, 0x0000000087800000, 0x0000000087900000|  0%| F|  |TAMS 0x0000000087800000, 0x0000000087800000| Untracked 
| 121|0x0000000087900000, 0x0000000087916cf8, 0x0000000087a00000|  8%| S|CS|TAMS 0x0000000087900000, 0x0000000087900000| Complete 
| 122|0x0000000087a00000, 0x0000000087a00000, 0x0000000087b00000|  0%| F|  |TAMS 0x0000000087a00000, 0x0000000087a00000| Untracked 
| 123|0x0000000087b00000, 0x0000000087b00000, 0x0000000087c00000|  0%| F|  |TAMS 0x0000000087b00000, 0x0000000087b00000| Untracked 
| 124|0x0000000087c00000, 0x0000000087c00000, 0x0000000087d00000|  0%| F|  |TAMS 0x0000000087c00000, 0x0000000087c00000| Untracked 
| 125|0x0000000087d00000, 0x0000000087d00000, 0x0000000087e00000|  0%| F|  |TAMS 0x0000000087d00000, 0x0000000087d00000| Untracked 
| 126|0x0000000087e00000, 0x0000000087e00000, 0x0000000087f00000|  0%| F|  |TAMS 0x0000000087e00000, 0x0000000087e00000| Untracked 
| 127|0x0000000087f00000, 0x0000000087f00000, 0x0000000088000000|  0%| F|  |TAMS 0x0000000087f00000, 0x0000000087f00000| Untracked 

Card table byte_map: [0x0000027855f90000,0x0000027856390000] _byte_map_base: 0x0000027855b90000

Marking Bits (Prev, Next): (CMBitMap*) 0x00000278412b0090, (CMBitMap*) 0x00000278412b0058
 Prev Bits: [0x0000027858790000, 0x000002785a790000)
 Next Bits: [0x0000027856790000, 0x0000027858790000)

Polling page: 0x0000027841340000

Metaspace:

Usage:
  Non-class:     55.16 MB capacity,    53.96 MB ( 98%) used,     1.02 MB (  2%) free+waste,   184.12 KB ( <1%) overhead. 
      Class:      8.57 MB capacity,     7.88 MB ( 92%) used,   620.66 KB (  7%) free+waste,    89.00 KB (  1%) overhead. 
       Both:     63.73 MB capacity,    61.84 MB ( 97%) used,     1.62 MB (  3%) free+waste,   273.12 KB ( <1%) overhead. 

Virtual space:
  Non-class space:       56.00 MB reserved,      55.33 MB ( 99%) committed 
      Class space:        1.00 GB reserved,       8.62 MB ( <1%) committed 
             Both:        1.05 GB reserved,      63.95 MB (  6%) committed 

Chunk freelists:
   Non-Class:  47.00 KB
       Class:  23.00 KB
        Both:  70.00 KB

MaxMetaspaceSize: 17179869184.00 GB
CompressedClassSpaceSize: 1.00 GB
Initial GC threshold: 20.80 MB
Current GC threshold: 106.17 MB
CDS: off

CodeHeap 'non-profiled nmethods': size=120064Kb used=3798Kb max_used=3798Kb free=116265Kb
 bounds [0x000002784e030000, 0x000002784e3f0000, 0x0000027855570000]
CodeHeap 'profiled nmethods': size=120000Kb used=14370Kb max_used=14370Kb free=105629Kb
 bounds [0x0000027846b00000, 0x0000027847910000, 0x000002784e030000]
CodeHeap 'non-nmethods': size=5696Kb used=2351Kb max_used=2387Kb free=3344Kb
 bounds [0x0000027846570000, 0x00000278467e0000, 0x0000027846b00000]
 total_blobs=7630 nmethods=6764 adapters=778
 compilation: enabled
              stopped_count=0, restarted_count=0
 full_count=0

Compilation events (20 events):
Event: 38.706 Thread 0x000002785ce06800 6784       4       org.objectweb.asm.MethodWriter::computeAllFrames (510 bytes)
Event: 38.706 Thread 0x000002785ce0c000 nmethod 6783 0x00000278478fe190 code [0x00000278478fe340, 0x00000278478fe438]
Event: 38.716 Thread 0x000002785ce0c000 6785       3       org.gradle.api.internal.provider.AbstractProperty$NonFinalizedValue::maybeFinalizeOnRead (66 bytes)
Event: 38.716 Thread 0x000002785ce0c000 nmethod 6785 0x00000278478fe510 code [0x00000278478fe700, 0x00000278478febc8]
Event: 38.716 Thread 0x000002785ce0c000 6786       3       org.gradle.internal.snapshot.impl.IsolatedArray::<init> (11 bytes)
Event: 38.717 Thread 0x000002785ce0c000 nmethod 6786 0x00000278478fed90 code [0x00000278478fef60, 0x00000278478ff1d8]
Event: 38.717 Thread 0x000002785ce0c000 6787       3       org.gradle.internal.snapshot.impl.DefaultIsolatableFactory$IsolatableVisitor::array (7 bytes)
Event: 38.717 Thread 0x000002785ce0c000 nmethod 6787 0x00000278478ff310 code [0x00000278478ff4e0, 0x00000278478ff878]
Event: 38.717 Thread 0x000002785ce0c000 6788       3       org.gradle.internal.instantiation.generator.DefaultInstantiationScheme::withServices (25 bytes)
Event: 38.717 Thread 0x000002785ce0c000 nmethod 6788 0x00000278478ffa10 code [0x00000278478ffbc0, 0x00000278478ffd68]
Event: 38.721 Thread 0x000002785ce0c000 6789       3       com.google.common.reflect.TypeToken::getRawType (18 bytes)
Event: 38.722 Thread 0x000002785ce0c000 nmethod 6789 0x00000278478ffe10 code [0x0000027847900100, 0x0000027847901358]
Event: 38.722 Thread 0x000002785ce0c000 6790       3       org.gradle.api.internal.provider.DefaultValueSourceProviderFactory$ValueSourceProvider::calculateOwnValue (14 bytes)
Event: 38.722 Thread 0x000002785ce0c000 nmethod 6790 0x0000027847901890 code [0x0000027847901aa0, 0x0000027847901fd8]
Event: 38.722 Thread 0x000002785ce0c000 6791   !   3       org.gradle.api.internal.provider.DefaultValueSourceProviderFactory$LazilyObtainedValue::obtain (145 bytes)
Event: 38.725 Thread 0x000002785ce0c000 nmethod 6791 0x0000027847902210 code [0x0000027847902760, 0x00000278479059b8]
Event: 38.725 Thread 0x000002785ce0c000 6792       3       com.google.common.collect.MapMakerInternalMap$StrongKeyWeakValueEntry$Helper::copy (17 bytes)
Event: 38.726 Thread 0x000002785ce0c000 nmethod 6792 0x0000027847907290 code [0x00000278479074a0, 0x0000027847907b78]
Event: 38.726 Thread 0x000002785ce0c000 6793       3       com.google.common.collect.MapMakerInternalMap$StrongKeyWeakValueEntry$Helper::copy (19 bytes)
Event: 38.726 Thread 0x000002785ce0c000 nmethod 6793 0x0000027847907d90 code [0x0000027847907fc0, 0x00000278479087d8]

GC Heap History (20 events):
Event: 36.477 GC heap after
{Heap after GC invocations=37 (full 0):
 garbage-first heap   total 131072K, used 101754K [0x0000000080000000, 0x0000000100000000)
  region size 1024K, 1 young (1024K), 1 survivors (1024K)
 Metaspace       used 54938K, capacity 56610K, committed 56784K, reserved 1097728K
  class space    used 7038K, capacity 7689K, committed 7808K, reserved 1048576K
}
Event: 36.698 GC heap before
{Heap before GC invocations=37 (full 0):
 garbage-first heap   total 131072K, used 109946K [0x0000000080000000, 0x0000000100000000)
  region size 1024K, 9 young (9216K), 1 survivors (1024K)
 Metaspace       used 55880K, capacity 57605K, committed 57808K, reserved 1099776K
  class space    used 7156K, capacity 7786K, committed 7808K, reserved 1048576K
}
Event: 36.701 GC heap after
{Heap after GC invocations=38 (full 0):
 garbage-first heap   total 131072K, used 101970K [0x0000000080000000, 0x0000000100000000)
  region size 1024K, 1 young (1024K), 1 survivors (1024K)
 Metaspace       used 55880K, capacity 57605K, committed 57808K, reserved 1099776K
  class space    used 7156K, capacity 7786K, committed 7808K, reserved 1048576K
}
Event: 37.053 GC heap before
{Heap before GC invocations=39 (full 0):
 garbage-first heap   total 131072K, used 110162K [0x0000000080000000, 0x0000000100000000)
  region size 1024K, 10 young (10240K), 1 survivors (1024K)
 Metaspace       used 56975K, capacity 58788K, committed 59088K, reserved 1099776K
  class space    used 7292K, capacity 7984K, committed 8064K, reserved 1048576K
}
Event: 37.056 GC heap after
{Heap after GC invocations=40 (full 0):
 garbage-first heap   total 131072K, used 102376K [0x0000000080000000, 0x0000000100000000)
  region size 1024K, 2 young (2048K), 2 survivors (2048K)
 Metaspace       used 56975K, capacity 58788K, committed 59088K, reserved 1099776K
  class space    used 7292K, capacity 7984K, committed 8064K, reserved 1048576K
}
Event: 37.332 GC heap before
{Heap before GC invocations=40 (full 0):
 garbage-first heap   total 131072K, used 111592K [0x0000000080000000, 0x0000000100000000)
  region size 1024K, 11 young (11264K), 2 survivors (2048K)
 Metaspace       used 58682K, capacity 60502K, committed 60752K, reserved 1101824K
  class space    used 7461K, capacity 8150K, committed 8192K, reserved 1048576K
}
Event: 37.334 GC heap after
{Heap after GC invocations=41 (full 0):
 garbage-first heap   total 131072K, used 102547K [0x0000000080000000, 0x0000000100000000)
  region size 1024K, 2 young (2048K), 2 survivors (2048K)
 Metaspace       used 58682K, capacity 60502K, committed 60752K, reserved 1101824K
  class space    used 7461K, capacity 8150K, committed 8192K, reserved 1048576K
}
Event: 37.604 GC heap before
{Heap before GC invocations=42 (full 0):
 garbage-first heap   total 131072K, used 111763K [0x0000000080000000, 0x0000000100000000)
  region size 1024K, 11 young (11264K), 2 survivors (2048K)
 Metaspace       used 59478K, capacity 61368K, committed 61392K, reserved 1101824K
  class space    used 7587K, capacity 8313K, committed 8320K, reserved 1048576K
}
Event: 37.607 GC heap after
{Heap after GC invocations=43 (full 0):
 garbage-first heap   total 131072K, used 102994K [0x0000000080000000, 0x0000000100000000)
  region size 1024K, 2 young (2048K), 2 survivors (2048K)
 Metaspace       used 59478K, capacity 61368K, committed 61392K, reserved 1101824K
  class space    used 7587K, capacity 8313K, committed 8320K, reserved 1048576K
}
Event: 37.920 GC heap before
{Heap before GC invocations=43 (full 0):
 garbage-first heap   total 131072K, used 112210K [0x0000000080000000, 0x0000000100000000)
  region size 1024K, 11 young (11264K), 2 survivors (2048K)
 Metaspace       used 61160K, capacity 63093K, committed 63184K, reserved 1103872K
  class space    used 7817K, capacity 8571K, committed 8576K, reserved 1048576K
}
Event: 37.925 GC heap after
{Heap after GC invocations=44 (full 0):
 garbage-first heap   total 131072K, used 103493K [0x0000000080000000, 0x0000000100000000)
  region size 1024K, 2 young (2048K), 2 survivors (2048K)
 Metaspace       used 61160K, capacity 63093K, committed 63184K, reserved 1103872K
  class space    used 7817K, capacity 8571K, committed 8576K, reserved 1048576K
}
Event: 38.406 GC heap before
{Heap before GC invocations=45 (full 0):
 garbage-first heap   total 131072K, used 112709K [0x0000000080000000, 0x0000000100000000)
  region size 1024K, 11 young (11264K), 2 survivors (2048K)
 Metaspace       used 63058K, capacity 64945K, committed 65232K, reserved 1105920K
  class space    used 8031K, capacity 8741K, committed 8832K, reserved 1048576K
}
Event: 38.411 GC heap after
{Heap after GC invocations=46 (full 0):
 garbage-first heap   total 131072K, used 105185K [0x0000000080000000, 0x0000000100000000)
  region size 1024K, 2 young (2048K), 2 survivors (2048K)
 Metaspace       used 63058K, capacity 64945K, committed 65232K, reserved 1105920K
  class space    used 8031K, capacity 8741K, committed 8832K, reserved 1048576K
}
Event: 38.448 GC heap before
{Heap before GC invocations=46 (full 0):
 garbage-first heap   total 131072K, used 106209K [0x0000000080000000, 0x0000000100000000)
  region size 1024K, 4 young (4096K), 2 survivors (2048K)
 Metaspace       used 63093K, capacity 65009K, committed 65232K, reserved 1105920K
  class space    used 8035K, capacity 8741K, committed 8832K, reserved 1048576K
}
Event: 38.453 GC heap after
{Heap after GC invocations=47 (full 0):
 garbage-first heap   total 131072K, used 105876K [0x0000000080000000, 0x0000000100000000)
  region size 1024K, 1 young (1024K), 1 survivors (1024K)
 Metaspace       used 63093K, capacity 65009K, committed 65232K, reserved 1105920K
  class space    used 8035K, capacity 8741K, committed 8832K, reserved 1048576K
}
Event: 38.485 GC heap before
{Heap before GC invocations=47 (full 0):
 garbage-first heap   total 131072K, used 116116K [0x0000000080000000, 0x0000000100000000)
  region size 1024K, 6 young (6144K), 1 survivors (1024K)
 Metaspace       used 63093K, capacity 65009K, committed 65232K, reserved 1105920K
  class space    used 8035K, capacity 8741K, committed 8832K, reserved 1048576K
}
Event: 38.488 GC heap after
{Heap after GC invocations=48 (full 0):
 garbage-first heap   total 131072K, used 110569K [0x0000000080000000, 0x0000000100000000)
  region size 1024K, 1 young (1024K), 1 survivors (1024K)
 Metaspace       used 63093K, capacity 65009K, committed 65232K, reserved 1105920K
  class space    used 8035K, capacity 8741K, committed 8832K, reserved 1048576K
}
Event: 38.597 GC heap before
{Heap before GC invocations=49 (full 0):
 garbage-first heap   total 131072K, used 114665K [0x0000000080000000, 0x0000000100000000)
  region size 1024K, 6 young (6144K), 1 survivors (1024K)
 Metaspace       used 63102K, capacity 65015K, committed 65232K, reserved 1105920K
  class space    used 8035K, capacity 8742K, committed 8832K, reserved 1048576K
}
Event: 38.600 GC heap after
{Heap after GC invocations=50 (full 0):
 garbage-first heap   total 131072K, used 112597K [0x0000000080000000, 0x0000000100000000)
  region size 1024K, 1 young (1024K), 1 survivors (1024K)
 Metaspace       used 63102K, capacity 65015K, committed 65232K, reserved 1105920K
  class space    used 8035K, capacity 8742K, committed 8832K, reserved 1048576K
}
Event: 38.749 GC heap before
{Heap before GC invocations=51 (full 0):
 garbage-first heap   total 131072K, used 119765K [0x0000000080000000, 0x0000000100000000)
  region size 1024K, 6 young (6144K), 1 survivors (1024K)
 Metaspace       used 63322K, capacity 65258K, committed 65488K, reserved 1105920K
  class space    used 8067K, capacity 8777K, committed 8832K, reserved 1048576K
}

Deoptimization events (20 events):
Event: 38.634 Thread 0x000002785e845800 DEOPT PACKING pc=0x00000278478cc935 sp=0x000000c6a19f1a70
Event: 38.634 Thread 0x000002785e845800 DEOPT UNPACKING pc=0x00000278465ba95e sp=0x000000c6a19f0ec8 mode 0
Event: 38.634 Thread 0x000002785e845800 DEOPT PACKING pc=0x00000278478cc935 sp=0x000000c6a19f1a70
Event: 38.634 Thread 0x000002785e845800 DEOPT UNPACKING pc=0x00000278465ba95e sp=0x000000c6a19f0ec8 mode 0
Event: 38.634 Thread 0x000002785e845800 DEOPT PACKING pc=0x00000278478cc935 sp=0x000000c6a19f1a70
Event: 38.634 Thread 0x000002785e845800 DEOPT UNPACKING pc=0x00000278465ba95e sp=0x000000c6a19f0ec8 mode 0
Event: 38.635 Thread 0x000002785e845800 DEOPT PACKING pc=0x00000278478cc935 sp=0x000000c6a19f1a70
Event: 38.635 Thread 0x000002785e845800 DEOPT UNPACKING pc=0x00000278465ba95e sp=0x000000c6a19f0ec8 mode 0
Event: 38.663 Thread 0x000002785e845800 Uncommon trap: trap_request=0xffffffc6 fr.pc=0x000002784e38d79c relative=0x00000000000019bc
Event: 38.663 Thread 0x000002785e845800 Uncommon trap: reason=bimorphic_or_optimized_type_check action=maybe_recompile pc=0x000002784e38d79c method=jdk.internal.loader.Resource.getBytes()[B @ 115 c2
Event: 38.663 Thread 0x000002785e845800 DEOPT PACKING pc=0x000002784e38d79c sp=0x000000c6a19f25b0
Event: 38.663 Thread 0x000002785e845800 DEOPT UNPACKING pc=0x00000278465ba1af sp=0x000000c6a19f25c0 mode 2
Event: 38.669 Thread 0x000002785e845800 Uncommon trap: trap_request=0xffffffc6 fr.pc=0x000002784e38d79c relative=0x00000000000019bc
Event: 38.669 Thread 0x000002785e845800 Uncommon trap: reason=bimorphic_or_optimized_type_check action=maybe_recompile pc=0x000002784e38d79c method=jdk.internal.loader.Resource.getBytes()[B @ 115 c2
Event: 38.669 Thread 0x000002785e845800 DEOPT PACKING pc=0x000002784e38d79c sp=0x000000c6a19ef170
Event: 38.669 Thread 0x000002785e845800 DEOPT UNPACKING pc=0x00000278465ba1af sp=0x000000c6a19ef180 mode 2
Event: 38.670 Thread 0x000002785e845800 Uncommon trap: trap_request=0xffffff4d fr.pc=0x000002784e370bbc relative=0x000000000000009c
Event: 38.670 Thread 0x000002785e845800 Uncommon trap: reason=unstable_if action=reinterpret pc=0x000002784e370bbc method=java.security.CodeSource.matchCerts(Ljava/security/CodeSource;Z)Z @ 11 c2
Event: 38.670 Thread 0x000002785e845800 DEOPT PACKING pc=0x000002784e370bbc sp=0x000000c6a19ef040
Event: 38.670 Thread 0x000002785e845800 DEOPT UNPACKING pc=0x00000278465ba1af sp=0x000000c6a19eefd8 mode 2

Classes redefined (0 events):
No events

Internal exceptions (20 events):
Event: 36.277 Thread 0x000002785e845800 Exception <a 'java/lang/NoSuchMethodError'{0x0000000087d30200}: 'java.lang.Object java.lang.invoke.Invokers$Holder.linkToTargetMethod(java.lang.Object, java.lang.Object, java.lang.Object, int, java.lang.Object)'> (0x0000000087d30200) thrown at [src/hotspot/share/interpreter/linkResolver.cpp, line 773]
Event: 36.314 Thread 0x000002785e845800 Exception <a 'java/lang/NoSuchMethodError'{0x0000000087dfd6a0}: 'java.lang.Object java.lang.invoke.Invokers$Holder.linkToTargetMethod(java.lang.Object, int, int, java.lang.Object)'> (0x0000000087dfd6a0) thrown at [src/hotspot/share/interpreter/linkResolver.cpp, line 773]
Event: 36.335 Thread 0x000002785e845800 Exception <a 'java/lang/NoSuchMethodError'{0x0000000087c15e88}: 'java.lang.Object java.lang.invoke.DirectMethodHandle$Holder.invokeStatic(java.lang.Object, java.lang.Object, int, int, java.lang.Object, java.lang.Object)'> (0x0000000087c15e88) thrown at [src/hotspot/share/interpreter/linkResolver.cpp, line 773]
Event: 36.818 Thread 0x000002785e845800 Exception <a 'java/lang/NoSuchMethodError'{0x0000000087ddd3f0}: 'java.lang.Object java.lang.invoke.DirectMethodHandle$Holder.invokeStatic(java.lang.Object, java.lang.Object, java.lang.Object, java.lang.Object, java.lang.Object, java.lang.Object, java.lang.Object, java.lang.Object, java.lang.Object, java.lang.Object, java.lang.Object, java.lang.Object, java.lang.Object, int)'> (0x0000000087ddd3f0) thrown at [src/hotspot/share/interpreter/linkResolver.cpp, line 773]
Event: 36.819 Thread 0x000002785e845800 Exception <a 'java/lang/NoSuchMethodError'{0x0000000087deadd8}: 'java.lang.Object java.lang.invoke.DirectMethodHandle$Holder.invokeStatic(java.lang.Object, java.lang.Object, java.lang.Object, java.lang.Object, java.lang.Object, java.lang.Object, java.lang.Object, java.lang.Object, java.lang.Object, java.lang.Object, java.lang.Object, java.lang.Object, java.lang.Object, int, int)'> (0x0000000087deadd8) thrown at [src/hotspot/share/interpreter/linkResolver.cpp, line 773]
Event: 36.936 Thread 0x000002785e845800 Exception <a 'java/lang/NoSuchMethodError'{0x0000000087a4f018}: 'int java.lang.invoke.DirectMethodHandle$Holder.invokeInterface(java.lang.Object, java.lang.Object, java.lang.Object, java.lang.Object)'> (0x0000000087a4f018) thrown at [src/hotspot/share/interpreter/linkResolver.cpp, line 773]
Event: 37.507 Thread 0x000002785e845800 Exception <a 'java/lang/NoSuchMethodError'{0x0000000087bb9308}: 'java.lang.Object java.lang.invoke.DirectMethodHandle$Holder.invokeSpecial(java.lang.Object, java.lang.Object, int, int, int, java.lang.Object, java.lang.Object, java.lang.Object, java.lang.Object)'> (0x0000000087bb9308) thrown at [src/hotspot/share/interpreter/linkResolver.cpp, line 773]
Event: 37.507 Thread 0x000002785e845800 Exception <a 'java/lang/NoSuchMethodError'{0x0000000087bbdd58}: 'java.lang.Object java.lang.invoke.DelegatingMethodHandle$Holder.reinvoke_L(java.lang.Object, int, int, int, java.lang.Object, java.lang.Object, java.lang.Object, java.lang.Object)'> (0x0000000087bbdd58) thrown at [src/hotspot/share/interpreter/linkResolver.cpp, line 773]
Event: 37.508 Thread 0x000002785e845800 Exception <a 'java/lang/NoSuchMethodError'{0x0000000087bc6760}: 'java.lang.Object java.lang.invoke.DirectMethodHandle$Holder.invokeStatic(java.lang.Object, java.lang.Object, java.lang.Object, java.lang.Object, java.lang.Object, int)'> (0x0000000087bc6760) thrown at [src/hotspot/share/interpreter/linkResolver.cpp, line 773]
Event: 37.712 Thread 0x000002785e845800 Exception <a 'java/lang/NoSuchMethodError'{0x0000000087b2a8d0}: 'java.lang.Object java.lang.invoke.DirectMethodHandle$Holder.invokeSpecial(java.lang.Object, java.lang.Object, int, int, java.lang.Object, java.lang.Object, java.lang.Object)'> (0x0000000087b2a8d0) thrown at [src/hotspot/share/interpreter/linkResolver.cpp, line 773]
Event: 37.712 Thread 0x000002785e845800 Exception <a 'java/lang/NoSuchMethodError'{0x0000000087b2f9c0}: 'java.lang.Object java.lang.invoke.DelegatingMethodHandle$Holder.reinvoke_L(java.lang.Object, int, int, java.lang.Object, java.lang.Object, java.lang.Object)'> (0x0000000087b2f9c0) thrown at [src/hotspot/share/interpreter/linkResolver.cpp, line 773]
Event: 37.713 Thread 0x000002785e845800 Exception <a 'java/lang/NoSuchMethodError'{0x0000000087b465c0}: 'java.lang.Object java.lang.invoke.DirectMethodHandle$Holder.invokeStatic(java.lang.Object, java.lang.Object, java.lang.Object, java.lang.Object, int, int)'> (0x0000000087b465c0) thrown at [src/hotspot/share/interpreter/linkResolver.cpp, line 773]
Event: 37.714 Thread 0x000002785e845800 Exception <a 'java/lang/NoSuchMethodError'{0x0000000087b5d148}: 'java.lang.Object java.lang.invoke.DirectMethodHandle$Holder.invokeStatic(java.lang.Object, java.lang.Object, java.lang.Object, java.lang.Object, int, int, java.lang.Object)'> (0x0000000087b5d148) thrown at [src/hotspot/share/interpreter/linkResolver.cpp, line 773]
Event: 37.715 Thread 0x000002785e845800 Exception <a 'java/lang/NoSuchMethodError'{0x0000000087b753e0}: 'java.lang.Object java.lang.invoke.DirectMethodHandle$Holder.invokeStatic(java.lang.Object, java.lang.Object, java.lang.Object, java.lang.Object, int, int, java.lang.Object, java.lang.Object)'> (0x0000000087b753e0) thrown at [src/hotspot/share/interpreter/linkResolver.cpp, line 773]
Event: 37.717 Thread 0x000002785e845800 Exception <a 'java/lang/NoSuchMethodError'{0x0000000087b8ee50}: 'java.lang.Object java.lang.invoke.DirectMethodHandle$Holder.invokeStatic(java.lang.Object, java.lang.Object, java.lang.Object, java.lang.Object, int, int, java.lang.Object, java.lang.Object, java.lang.Object)'> (0x0000000087b8ee50) thrown at [src/hotspot/share/interpreter/linkResolver.cpp, line 773]
Event: 37.801 Thread 0x000002785e845800 Exception <a 'java/lang/IncompatibleClassChangeError'{0x0000000087aaa5b0}: Found class java.lang.Object, but interface was expected> (0x0000000087aaa5b0) thrown at [src/hotspot/share/interpreter/linkResolver.cpp, line 839]
Event: 37.883 Thread 0x000002785e845800 Implicit null exception at 0x000002784e2a5660 to 0x000002784e2a719c
Event: 38.105 Thread 0x000002785e845800 Implicit null exception at 0x000002784e16500b to 0x000002784e1650e4
Event: 38.288 Thread 0x000002785e845800 Implicit null exception at 0x000002784e1d232c to 0x000002784e1d244e
Event: 38.736 Thread 0x000002785e845800 Exception <a 'sun/nio/fs/WindowsException'{0x0000000087b7e658}> (0x0000000087b7e658) thrown at [src/hotspot/share/prims/jni.cpp, line 617]

Events (20 events):
Event: 38.742 loading class com/android/build/gradle/internal/dsl/decorator/SupportedPropertyType$Var done
Event: 38.743 loading class org/objectweb/asm/Type
Event: 38.743 loading class org/objectweb/asm/Type done
Event: 38.743 Executing VM operation: CGC_Operation
Event: 38.744 Executing VM operation: CGC_Operation done
Event: 38.746 loading class com/android/build/gradle/internal/dsl/decorator/SupportedPropertyType$Var$Boolean
Event: 38.746 loading class com/android/build/gradle/internal/dsl/decorator/SupportedPropertyType$Var$Boolean done
Event: 38.746 loading class com/android/build/gradle/internal/dsl/decorator/SupportedPropertyType$Var$NullableBoolean
Event: 38.746 loading class com/android/build/gradle/internal/dsl/decorator/SupportedPropertyType$Var$NullableBoolean done
Event: 38.746 loading class com/android/build/gradle/internal/dsl/decorator/SupportedPropertyType$Var$Int
Event: 38.746 loading class com/android/build/gradle/internal/dsl/decorator/SupportedPropertyType$Var$Int done
Event: 38.747 loading class com/android/build/gradle/internal/dsl/decorator/SupportedPropertyType$Var$NullableInt
Event: 38.747 loading class com/android/build/gradle/internal/dsl/decorator/SupportedPropertyType$Var$NullableInt done
Event: 38.747 loading class com/android/build/gradle/internal/dsl/decorator/SupportedPropertyType$Var$File
Event: 38.747 loading class com/android/build/gradle/internal/dsl/decorator/SupportedPropertyType$Var$File done
Event: 38.749 loading class com/android/build/gradle/internal/dsl/decorator/SupportedPropertyType$Var$Enum
Event: 38.749 loading class com/android/build/gradle/internal/dsl/decorator/SupportedPropertyType$Var$Enum done
Event: 38.749 loading class com/android/build/gradle/internal/dsl/decorator/SupportedPropertyType$Collection$List
Event: 38.749 loading class com/android/build/gradle/internal/dsl/decorator/SupportedPropertyType$Collection$List done
Event: 38.749 Executing VM operation: G1CollectForAllocation


Dynamic libraries:
0x00007ff6c1480000 - 0x00007ff6c148a000 	D:\Program Files\Android\Android Studio Preview\jbr\bin\java.exe
0x00007fff95e90000 - 0x00007fff960a4000 	C:\WINDOWS\SYSTEM32\ntdll.dll
0x00007fff95110000 - 0x00007fff951d2000 	C:\WINDOWS\System32\KERNEL32.DLL
0x00007fff93500000 - 0x00007fff9389c000 	C:\WINDOWS\System32\KERNELBASE.dll
0x00007fff938d0000 - 0x00007fff939e1000 	C:\WINDOWS\System32\ucrtbase.dll
0x00007fff63740000 - 0x00007fff6375b000 	D:\Program Files\Android\Android Studio Preview\jbr\bin\VCRUNTIME140.dll
0x00007fff63760000 - 0x00007fff63777000 	D:\Program Files\Android\Android Studio Preview\jbr\bin\jli.dll
0x00007fff95ca0000 - 0x00007fff95e4b000 	C:\WINDOWS\System32\USER32.dll
0x00007fff938a0000 - 0x00007fff938c6000 	C:\WINDOWS\System32\win32u.dll
0x00007fff94f60000 - 0x00007fff94f89000 	C:\WINDOWS\System32\GDI32.dll
0x00007fff939f0000 - 0x00007fff93b02000 	C:\WINDOWS\System32\gdi32full.dll
0x00007fff93c00000 - 0x00007fff93c9a000 	C:\WINDOWS\System32\msvcp_win.dll
0x00007fff76a20000 - 0x00007fff76cae000 	C:\WINDOWS\WinSxS\amd64_microsoft.windows.common-controls_6595b64144ccf1df_6.0.22621.317_none_a9434687c10c9fa2\COMCTL32.dll
0x00007fff95490000 - 0x00007fff95537000 	C:\WINDOWS\System32\msvcrt.dll
0x00007fff95450000 - 0x00007fff95481000 	C:\WINDOWS\System32\IMM32.DLL
0x00007fff636b0000 - 0x00007fff6373d000 	D:\Program Files\Android\Android Studio Preview\jbr\bin\msvcp140.dll
0x00007fff4e1b0000 - 0x00007fff4e1bc000 	C:\WINDOWS\SYSTEM32\VCRUNTIME140_1.dll
0x00007fff3e200000 - 0x00007fff3edbc000 	D:\Program Files\Android\Android Studio Preview\jbr\bin\server\jvm.dll
0x00007fff94c00000 - 0x00007fff94cae000 	C:\WINDOWS\System32\ADVAPI32.dll
0x00007fff95380000 - 0x00007fff95424000 	C:\WINDOWS\System32\sechost.dll
0x00007fff94ff0000 - 0x00007fff95105000 	C:\WINDOWS\System32\RPCRT4.dll
0x00007fff94bf0000 - 0x00007fff94bf8000 	C:\WINDOWS\System32\PSAPI.DLL
0x00007fff4a710000 - 0x00007fff4a719000 	C:\WINDOWS\SYSTEM32\WSOCK32.dll
0x00007fff946f0000 - 0x00007fff94761000 	C:\WINDOWS\System32\WS2_32.dll
0x00007fff8ba30000 - 0x00007fff8ba64000 	C:\WINDOWS\SYSTEM32\WINMM.dll
0x00007fff8c620000 - 0x00007fff8c62a000 	C:\WINDOWS\SYSTEM32\VERSION.dll
0x00007fff92350000 - 0x00007fff92368000 	C:\WINDOWS\SYSTEM32\kernel.appcore.dll
0x00007fff435d0000 - 0x00007fff435e0000 	D:\Program Files\Android\Android Studio Preview\jbr\bin\verify.dll
0x00007fff90c70000 - 0x00007fff90e9e000 	C:\WINDOWS\SYSTEM32\DBGHELP.DLL
0x00007fff95700000 - 0x00007fff95a89000 	C:\WINDOWS\System32\combase.dll
0x00007fff95610000 - 0x00007fff956e7000 	C:\WINDOWS\System32\OLEAUT32.dll
0x00007fff87550000 - 0x00007fff87582000 	C:\WINDOWS\SYSTEM32\dbgcore.DLL
0x00007fff93b10000 - 0x00007fff93b8b000 	C:\WINDOWS\System32\bcryptPrimitives.dll
0x00007fff3e1d0000 - 0x00007fff3e1f8000 	D:\Program Files\Android\Android Studio Preview\jbr\bin\java.dll
0x00007fff433f0000 - 0x00007fff433fa000 	D:\Program Files\Android\Android Studio Preview\jbr\bin\jimage.dll
0x00007fff3f730000 - 0x00007fff3f748000 	D:\Program Files\Android\Android Studio Preview\jbr\bin\zip.dll
0x00007fff93f10000 - 0x00007fff946eb000 	C:\WINDOWS\System32\SHELL32.dll
0x00007fff91330000 - 0x00007fff91be5000 	C:\WINDOWS\SYSTEM32\windows.storage.dll
0x00007fff911f0000 - 0x00007fff9132d000 	C:\WINDOWS\SYSTEM32\wintypes.dll
0x00007fff95ba0000 - 0x00007fff95c91000 	C:\WINDOWS\System32\SHCORE.dll
0x00007fff95540000 - 0x00007fff9559e000 	C:\WINDOWS\System32\shlwapi.dll
0x00007fff93200000 - 0x00007fff93221000 	C:\WINDOWS\SYSTEM32\profapi.dll
0x00007fff3f6d0000 - 0x00007fff3f6e9000 	D:\Program Files\Android\Android Studio Preview\jbr\bin\net.dll
0x00007fff8afb0000 - 0x00007fff8b0df000 	C:\WINDOWS\SYSTEM32\WINHTTP.dll
0x00007fff927b0000 - 0x00007fff92819000 	C:\WINDOWS\system32\mswsock.dll
0x00007fff3f6b0000 - 0x00007fff3f6c3000 	D:\Program Files\Android\Android Studio Preview\jbr\bin\nio.dll
0x00007fff8cdf0000 - 0x00007fff8ce17000 	C:\Users\Sardes\.gradle\native\e1d6ef7f7dcc3fd88c89a11ec53ec762bb8ba0a96d01ffa2cd45eb1d1d8dd5c5\windows-amd64\native-platform.dll
0x00007fff63560000 - 0x00007fff636a4000 	C:\Users\Sardes\.gradle\native\0d407fdbe67a94daf76414ababcb853783967236a71b16ec16e742cd7a986fd3\windows-amd64\native-platform-file-events.dll
0x00007fff8d2b0000 - 0x00007fff8d2ba000 	D:\Program Files\Android\Android Studio Preview\jbr\bin\management.dll
0x00007fff8d280000 - 0x00007fff8d28b000 	D:\Program Files\Android\Android Studio Preview\jbr\bin\management_ext.dll
0x00007fff929f0000 - 0x00007fff92a0b000 	C:\WINDOWS\SYSTEM32\CRYPTSP.dll
0x00007fff922c0000 - 0x00007fff922f5000 	C:\WINDOWS\system32\rsaenh.dll
0x00007fff928a0000 - 0x00007fff928c8000 	C:\WINDOWS\SYSTEM32\USERENV.dll
0x00007fff92c80000 - 0x00007fff92ca8000 	C:\WINDOWS\SYSTEM32\bcrypt.dll
0x00007fff92a10000 - 0x00007fff92a1c000 	C:\WINDOWS\SYSTEM32\CRYPTBASE.dll
0x00007fff91e40000 - 0x00007fff91e6d000 	C:\WINDOWS\SYSTEM32\IPHLPAPI.DLL
0x00007fff94f50000 - 0x00007fff94f59000 	C:\WINDOWS\System32\NSI.dll
0x00007fff8ada0000 - 0x00007fff8adb9000 	C:\WINDOWS\SYSTEM32\dhcpcsvc6.DLL
0x00007fff8ad60000 - 0x00007fff8ad7f000 	C:\WINDOWS\SYSTEM32\dhcpcsvc.DLL
0x00007fff91eb0000 - 0x00007fff91fa2000 	C:\WINDOWS\SYSTEM32\DNSAPI.dll

dbghelp: loaded successfully - version: 4.0.5 - missing functions: none
symbol engine: initialized successfully - sym options: 0x614 - pdb path: .;D:\Program Files\Android\Android Studio Preview\jbr\bin;C:\WINDOWS\SYSTEM32;C:\WINDOWS\WinSxS\amd64_microsoft.windows.common-controls_6595b64144ccf1df_6.0.22621.317_none_a9434687c10c9fa2;D:\Program Files\Android\Android Studio Preview\jbr\bin\server;C:\Users\Sardes\.gradle\native\e1d6ef7f7dcc3fd88c89a11ec53ec762bb8ba0a96d01ffa2cd45eb1d1d8dd5c5\windows-amd64;C:\Users\Sardes\.gradle\native\0d407fdbe67a94daf76414ababcb853783967236a71b16ec16e742cd7a986fd3\windows-amd64

VM Arguments:
jvm_args: --add-opens=java.base/java.util=ALL-UNNAMED --add-opens=java.base/java.lang=ALL-UNNAMED --add-opens=java.base/java.lang.invoke=ALL-UNNAMED --add-opens=java.base/java.util=ALL-UNNAMED --add-opens=java.prefs/java.util.prefs=ALL-UNNAMED --add-opens=java.prefs/java.util.prefs=ALL-UNNAMED --add-opens=java.base/java.nio.charset=ALL-UNNAMED --add-opens=java.base/java.net=ALL-UNNAMED --add-opens=java.base/java.util.concurrent.atomic=ALL-UNNAMED -Xmx2048m -Dfile.encoding=UTF-8 -Duser.country=FR -Duser.language=fr -Duser.variant 
java_command: org.gradle.launcher.daemon.bootstrap.GradleDaemon 7.5.1
java_class_path (initial): C:\Users\Sardes\.gradle\wrapper\dists\gradle-7.5.1-bin\7jzzequgds1hbszbhq3npc5ng\gradle-7.5.1\lib\gradle-launcher-7.5.1.jar
Launcher Type: SUN_STANDARD

[Global flags]
     intx CICompilerCount                          = 3                                         {product} {ergonomic}
     uint ConcGCThreads                            = 1                                         {product} {ergonomic}
     uint G1ConcRefinementThreads                  = 4                                         {product} {ergonomic}
   size_t G1HeapRegionSize                         = 1048576                                   {product} {ergonomic}
    uintx GCDrainStackTargetSize                   = 64                                        {product} {ergonomic}
   size_t InitialHeapSize                          = 134217728                                 {product} {ergonomic}
   size_t MarkStackSize                            = 4194304                                   {product} {ergonomic}
   size_t MaxHeapSize                              = 2147483648                                {product} {command line}
   size_t MaxNewSize                               = 1287651328                                {product} {ergonomic}
   size_t MinHeapDeltaBytes                        = 1048576                                   {product} {ergonomic}
    uintx NonNMethodCodeHeapSize                   = 5830732                                {pd product} {ergonomic}
    uintx NonProfiledCodeHeapSize                  = 122913754                              {pd product} {ergonomic}
    uintx ProfiledCodeHeapSize                     = 122913754                              {pd product} {ergonomic}
    uintx ReservedCodeCacheSize                    = 251658240                              {pd product} {ergonomic}
     bool SegmentedCodeCache                       = true                                      {product} {ergonomic}
     bool UseCompressedClassPointers               = true                                 {lp64_product} {ergonomic}
     bool UseCompressedOops                        = true                                 {lp64_product} {ergonomic}
     bool UseG1GC                                  = true                                      {product} {ergonomic}
     bool UseLargePagesIndividualAllocation        = false                                  {pd product} {ergonomic}

Logging:
Log output configuration:
 #0: stdout all=warning uptime,level,tags
 #1: stderr all=off uptime,level,tags

Environment Variables:
JAVA_HOME=D:\Program Files\Java\jdk-17.0.2
PATH=C:\WINDOWS\system32;C:\WINDOWS;C:\WINDOWS\System32\Wbem;C:\WINDOWS\System32\WindowsPowerShell\v1.0\;C:\WINDOWS\System32\OpenSSH\;C:\Program Files (x86)\NVIDIA Corporation\PhysX\Common;C:\Program Files\NVIDIA Corporation\NVIDIA NvDLISR;C:\Program Files\dotnet\;c:\Program Files\Progressive_Web_Apps_for_Firefox\;C:\Program Files\Git\cmd;C:\Users\Sardes\AppData\Local\Microsoft\WindowsApps;C:\Users\Sardes\AppData\Local\GitHubDesktop\bin;C:\Users\Sardes\AppData\Local\Programs\Microsoft VS Code\bin;C:\Users\Sardes\.dotnet\tools;C:\Users\Sardes\AppData\Local\JetBrains\Toolbox\scripts
USERNAME=Sardes
OS=Windows_NT
PROCESSOR_IDENTIFIER=Intel64 Family 6 Model 158 Stepping 9, GenuineIntel



---------------  S Y S T E M  ---------------

OS: Windows 11 , 64 bit Build 22621 (10.0.22621.457)
OS uptime: 1 days 3:11 hours

CPU:total 4 (initial active 4) (4 cores per cpu, 1 threads per core) family 6 model 158 stepping 9 microcode 0xea, cmov, cx8, fxsr, mmx, sse, sse2, sse3, ssse3, sse4.1, sse4.2, popcnt, avx, avx2, aes, clmul, erms, 3dnowpref, lzcnt, tsc, tscinvbit, bmi1, bmi2, adx, fma

Memory: 4k page, system-wide physical 8071M (288M free)
TotalPageFile size 32647M (AvailPageFile size 46M)
current process WorkingSet (physical memory assigned to process): 316M, peak: 318M
current process commit charge ("private bytes"): 347M, peak: 373M

vm_info: OpenJDK 64-Bit Server VM (11.0.15+0-b2043.56-8887301) for windows-amd64 JRE (11.0.15+0-b2043.56-8887301), built on Jul 29 2022 23:19:47 by "builduser" with unknown MS VC++:1929

END.
