#
# There is insufficient memory for the Java Runtime Environment to continue.
# Native memory allocation (mmap) failed to map 134217728 bytes for Failed to commit area from 0x0000000081e00000 to 0x0000000089e00000 of length 134217728.
# Possible reasons:
#   The system is out of physical RAM or swap space
#   The process is running with CompressedOops enabled, and the Java Heap may be blocking the growth of the native heap
# Possible solutions:
#   Reduce memory load on the system
#   Increase physical memory or swap space
#   Check if swap backing store is full
#   Decrease Java heap size (-Xmx/-Xms)
#   Decrease number of Java threads
#   Decrease Java thread stack sizes (-Xss)
#   Set larger code cache with -XX:ReservedCodeCacheSize=
# This output file may be truncated or incomplete.
#
#  Out of Memory Error (src/hotspot/os/windows/os_windows.cpp:3627), pid=20008, tid=10296
#
# JRE version:  (11.0.15) (build )
# Java VM: OpenJDK 64-Bit Server VM (11.0.15+0-b2043.56-8887301, mixed mode, sharing, tiered, compressed oops, g1 gc, windows-amd64)
# No core dump will be written. Minidumps are not enabled by default on client versions of Windows
#

---------------  S U M M A R Y ------------

Command Line: git4idea.http.GitAskPassApp Username for 'https://github.com': 

Host: Intel(R) Core(TM) i5-7300HQ CPU @ 2.50GHz, 4 cores, 7G,  Windows 11 , 64 bit Build 22621 (10.0.22621.457)
Time: Thu Sep 22 02:49:45 2022 Afr. centrale Ouest elapsed time: 0.066691 seconds (0d 0h 0m 0s)

---------------  T H R E A D  ---------------

Current thread (0x000002e584aff000):  JavaThread "Unknown thread" [_thread_in_vm, id=10296, stack(0x000000ecf7500000,0x000000ecf7600000)]

Stack: [0x000000ecf7500000,0x000000ecf7600000]
Native frames: (J=compiled Java code, j=interpreted, Vv=VM code, C=native code)
V  [jvm.dll+0x64135a]
V  [jvm.dll+0x7d39f9]
V  [jvm.dll+0x7d51b9]
V  [jvm.dll+0x7d58a3]
V  [jvm.dll+0x2691c5]
V  [jvm.dll+0x63e4e9]
V  [jvm.dll+0x632985]
V  [jvm.dll+0x3231ac]
V  [jvm.dll+0x323032]
V  [jvm.dll+0x327c06]
V  [jvm.dll+0x36ffa2]
V  [jvm.dll+0x36fa01]
V  [jvm.dll+0x2fea28]
V  [jvm.dll+0x2ffb25]
V  [jvm.dll+0x7accd7]
V  [jvm.dll+0x7ae49f]
V  [jvm.dll+0x37d299]
V  [jvm.dll+0x78ef9f]
V  [jvm.dll+0x3ec847]
V  [jvm.dll+0x3eed31]
C  [jli.dll+0x52cb]
C  [ucrtbase.dll+0x29363]
C  [KERNEL32.DLL+0x1244d]
C  [ntdll.dll+0x5df78]


---------------  P R O C E S S  ---------------

Threads class SMR info:
_java_thread_list=0x000002e5828a45f0, length=0, elements={
}

Java Threads: ( => current thread )

Other Threads:
  0x000002e584b18800 GCTaskThread "GC Thread#0" [stack: 0x000000ecf7600000,0x000000ecf7700000] [id=23608]
  0x000002e584b4a000 ConcurrentGCThread "G1 Main Marker" [stack: 0x000000ecf7700000,0x000000ecf7800000] [id=2176]
  0x000002e584b4c000 ConcurrentGCThread "G1 Conc#0" [stack: 0x000000ecf7800000,0x000000ecf7900000] [id=22392]

[error occurred during error reporting (printing all threads), id 0xc0000005, EXCEPTION_ACCESS_VIOLATION (0xc0000005) at pc=0x00007fff3e50f3e7]

VM state:not at safepoint (not fully initialized)

VM Mutex/Monitor currently owned by a thread:  ([mutex/lock_event])
[0x000002e584afbe30] Heap_lock - owner thread: 0x000002e584aff000

Heap address: 0x0000000081e00000, size: 2018 MB, Compressed Oops mode: Non-zero based: 0x0000000081e00000
Narrow klass base: 0x0000000000000000, Narrow klass shift: 0

GC Heap History (0 events):
No events

Deoptimization events (0 events):
No events

Classes redefined (0 events):
No events

Internal exceptions (0 events):
No events

Events (1 events):
Event: 0.023 Loaded shared library D:\Program Files\Android\Android Studio Preview\jbr\bin\zip.dll


Dynamic libraries:
0x00007ff7287c0000 - 0x00007ff7287ca000 	D:\Program Files\Android\Android Studio Preview\jbr\bin\java.exe
0x00007fff95e90000 - 0x00007fff960a4000 	C:\WINDOWS\SYSTEM32\ntdll.dll
0x00007fff95110000 - 0x00007fff951d2000 	C:\WINDOWS\System32\KERNEL32.DLL
0x00007fff93500000 - 0x00007fff9389c000 	C:\WINDOWS\System32\KERNELBASE.dll
0x00007fff938d0000 - 0x00007fff939e1000 	C:\WINDOWS\System32\ucrtbase.dll
0x00007fff62270000 - 0x00007fff6228b000 	D:\Program Files\Android\Android Studio Preview\jbr\bin\VCRUNTIME140.dll
0x00007fff62290000 - 0x00007fff622a7000 	D:\Program Files\Android\Android Studio Preview\jbr\bin\jli.dll
0x00007fff95ca0000 - 0x00007fff95e4b000 	C:\WINDOWS\System32\USER32.dll
0x00007fff938a0000 - 0x00007fff938c6000 	C:\WINDOWS\System32\win32u.dll
0x00007fff94f60000 - 0x00007fff94f89000 	C:\WINDOWS\System32\GDI32.dll
0x00007fff939f0000 - 0x00007fff93b02000 	C:\WINDOWS\System32\gdi32full.dll
0x00007fff93c00000 - 0x00007fff93c9a000 	C:\WINDOWS\System32\msvcp_win.dll
0x00007fff76a20000 - 0x00007fff76cae000 	C:\WINDOWS\WinSxS\amd64_microsoft.windows.common-controls_6595b64144ccf1df_6.0.22621.317_none_a9434687c10c9fa2\COMCTL32.dll
0x00007fff95490000 - 0x00007fff95537000 	C:\WINDOWS\System32\msvcrt.dll
0x00007fff95450000 - 0x00007fff95481000 	C:\WINDOWS\System32\IMM32.DLL
0x00007fff605a0000 - 0x00007fff6062d000 	D:\Program Files\Android\Android Studio Preview\jbr\bin\msvcp140.dll
0x00007fff4e1b0000 - 0x00007fff4e1bc000 	C:\WINDOWS\SYSTEM32\VCRUNTIME140_1.dll
0x00007fff3e200000 - 0x00007fff3edbc000 	D:\Program Files\Android\Android Studio Preview\jbr\bin\server\jvm.dll
0x00007fff94c00000 - 0x00007fff94cae000 	C:\WINDOWS\System32\ADVAPI32.dll
0x00007fff95380000 - 0x00007fff95424000 	C:\WINDOWS\System32\sechost.dll
0x00007fff94ff0000 - 0x00007fff95105000 	C:\WINDOWS\System32\RPCRT4.dll
0x00007fff94bf0000 - 0x00007fff94bf8000 	C:\WINDOWS\System32\PSAPI.DLL
0x00007fff8ba30000 - 0x00007fff8ba64000 	C:\WINDOWS\SYSTEM32\WINMM.dll
0x00007fff4a710000 - 0x00007fff4a719000 	C:\WINDOWS\SYSTEM32\WSOCK32.dll
0x00007fff946f0000 - 0x00007fff94761000 	C:\WINDOWS\System32\WS2_32.dll
0x00007fff8c620000 - 0x00007fff8c62a000 	C:\WINDOWS\SYSTEM32\VERSION.dll
0x00007fff92350000 - 0x00007fff92368000 	C:\WINDOWS\SYSTEM32\kernel.appcore.dll
0x00007fff435d0000 - 0x00007fff435e0000 	D:\Program Files\Android\Android Studio Preview\jbr\bin\verify.dll
0x00007fff90c70000 - 0x00007fff90e9e000 	C:\WINDOWS\SYSTEM32\DBGHELP.DLL
0x00007fff95700000 - 0x00007fff95a89000 	C:\WINDOWS\System32\combase.dll
0x00007fff95610000 - 0x00007fff956e7000 	C:\WINDOWS\System32\OLEAUT32.dll
0x00007fff87550000 - 0x00007fff87582000 	C:\WINDOWS\SYSTEM32\dbgcore.DLL
0x00007fff93b10000 - 0x00007fff93b8b000 	C:\WINDOWS\System32\bcryptPrimitives.dll
0x00007fff3e1d0000 - 0x00007fff3e1f8000 	D:\Program Files\Android\Android Studio Preview\jbr\bin\java.dll
0x00007fff433f0000 - 0x00007fff433fa000 	D:\Program Files\Android\Android Studio Preview\jbr\bin\jimage.dll
0x00007fff3f730000 - 0x00007fff3f748000 	D:\Program Files\Android\Android Studio Preview\jbr\bin\zip.dll

dbghelp: loaded successfully - version: 4.0.5 - missing functions: none
symbol engine: initialized successfully - sym options: 0x614 - pdb path: .;D:\Program Files\Android\Android Studio Preview\jbr\bin;C:\WINDOWS\SYSTEM32;C:\WINDOWS\WinSxS\amd64_microsoft.windows.common-controls_6595b64144ccf1df_6.0.22621.317_none_a9434687c10c9fa2;D:\Program Files\Android\Android Studio Preview\jbr\bin\server

VM Arguments:
java_command: git4idea.http.GitAskPassApp Username for 'https://github.com': 
java_class_path (initial): D:/Program Files/Android/Android Studio Preview/plugins/git4idea/lib/git4idea-rt.jar;D:/Program Files/Android/Android Studio Preview/lib/externalProcess-rt.jar;D:/Program Files/Android/Android Studio Preview/lib/app.jar;D:/Program Files/Android/Android Studio Preview/lib/3rd-party-rt.jar
Launcher Type: SUN_STANDARD

[Global flags]
     intx CICompilerCount                          = 3                                         {product} {ergonomic}
     uint ConcGCThreads                            = 1                                         {product} {ergonomic}
     uint G1ConcRefinementThreads                  = 4                                         {product} {ergonomic}
   size_t G1HeapRegionSize                         = 1048576                                   {product} {ergonomic}
    uintx GCDrainStackTargetSize                   = 64                                        {product} {ergonomic}
   size_t InitialHeapSize                          = 134217728                                 {product} {ergonomic}
   size_t MarkStackSize                            = 4194304                                   {product} {ergonomic}
   size_t MaxHeapSize                              = 2116026368                                {product} {ergonomic}
   size_t MinHeapDeltaBytes                        = 1048576                                   {product} {ergonomic}
    uintx NonNMethodCodeHeapSize                   = 5830732                                {pd product} {ergonomic}
    uintx NonProfiledCodeHeapSize                  = 122913754                              {pd product} {ergonomic}
    uintx ProfiledCodeHeapSize                     = 122913754                              {pd product} {ergonomic}
    uintx ReservedCodeCacheSize                    = 251658240                              {pd product} {ergonomic}
     bool SegmentedCodeCache                       = true                                      {product} {ergonomic}
     bool UseCompressedClassPointers               = true                                 {lp64_product} {ergonomic}
     bool UseCompressedOops                        = true                                 {lp64_product} {ergonomic}
     bool UseG1GC                                  = true                                      {product} {ergonomic}
     bool UseLargePagesIndividualAllocation        = false                                  {pd product} {ergonomic}

Logging:
Log output configuration:
 #0: stdout all=warning uptime,level,tags
 #1: stderr all=off uptime,level,tags

Environment Variables:
JAVA_HOME=D:\Program Files\Java\jdk-17.0.2
PATH=C:/Program Files/Git/mingw64/libexec/git-core;C:/Program Files/Git/mingw64/libexec/git-core;C:\Program Files\Git\mingw64\bin;C:\Program Files\Git\usr\bin;C:\Users\Sardes\bin;C:\WINDOWS\system32;C:\WINDOWS;C:\WINDOWS\System32\Wbem;C:\WINDOWS\System32\WindowsPowerShell\v1.0\;C:\WINDOWS\System32\OpenSSH\;C:\Program Files (x86)\NVIDIA Corporation\PhysX\Common;C:\Program Files\NVIDIA Corporation\NVIDIA NvDLISR;C:\Program Files\dotnet\;c:\Program Files\Progressive_Web_Apps_for_Firefox\;C:\Program Files\Git\cmd;C:\Users\Sardes\AppData\Local\Microsoft\WindowsApps;C:\Users\Sardes\AppData\Local\GitHubDesktop\bin;C:\Users\Sardes\AppData\Local\Programs\Microsoft VS Code\bin;C:\Users\Sardes\.dotnet\tools;C:\Users\Sardes\AppData\Local\JetBrains\Toolbox\scripts
USERNAME=Sardes
DISPLAY=:0.0
LC_ALL=en_US.UTF-8
OS=Windows_NT
PROCESSOR_IDENTIFIER=Intel64 Family 6 Model 158 Stepping 9, GenuineIntel



---------------  S Y S T E M  ---------------

OS: Windows 11 , 64 bit Build 22621 (10.0.22621.457)
OS uptime: 1 days 3:54 hours

CPU:total 4 (initial active 4) (4 cores per cpu, 1 threads per core) family 6 model 158 stepping 9 microcode 0xea, cmov, cx8, fxsr, mmx, sse, sse2, sse3, ssse3, sse4.1, sse4.2, popcnt, avx, avx2, aes, clmul, erms, 3dnowpref, lzcnt, tsc, tscinvbit, bmi1, bmi2, adx, fma

Memory: 4k page, system-wide physical 8071M (396M free)
TotalPageFile size 32647M (AvailPageFile size 9M)
current process WorkingSet (physical memory assigned to process): 10M, peak: 10M
current process commit charge ("private bytes"): 51M, peak: 179M

vm_info: OpenJDK 64-Bit Server VM (11.0.15+0-b2043.56-8887301) for windows-amd64 JRE (11.0.15+0-b2043.56-8887301), built on Jul 29 2022 23:19:47 by "builduser" with unknown MS VC++:1929

END.
